0 info it worked if it ends with ok
1 verbose cli [ 'E:\\program\\nvm\\v6.4.0\\node.exe',
1 verbose cli   'E:\\program\\nvm\\v6.4.0\\node_modules\\npm\\bin\\npm-cli.js',
1 verbose cli   'install',
1 verbose cli   'gulp-qiniu-js',
1 verbose cli   '--save-dev' ]
2 info using npm@3.10.3
3 info using node@v6.4.0
4 silly loadCurrentTree Starting
5 silly install loadCurrentTree
6 silly install readLocalPackageData
7 silly fetchPackageMetaData gulp-qiniu-js
8 silly fetchNamedPackageData gulp-qiniu-js
9 silly mapToRegistry name gulp-qiniu-js
10 silly mapToRegistry using default registry
11 silly mapToRegistry registry https://registry.npmjs.org/
12 silly mapToRegistry data Result {
12 silly mapToRegistry   raw: 'gulp-qiniu-js',
12 silly mapToRegistry   scope: null,
12 silly mapToRegistry   escapedName: 'gulp-qiniu-js',
12 silly mapToRegistry   name: 'gulp-qiniu-js',
12 silly mapToRegistry   rawSpec: '',
12 silly mapToRegistry   spec: 'latest',
12 silly mapToRegistry   type: 'tag' }
13 silly mapToRegistry uri https://registry.npmjs.org/gulp-qiniu-js
14 verbose request uri https://registry.npmjs.org/gulp-qiniu-js
15 verbose request no auth needed
16 info attempt registry request try #1 at 21:44:35
17 verbose request id 39044688d708fab8
18 http request GET https://registry.npmjs.org/gulp-qiniu-js
19 http 404 https://registry.npmjs.org/gulp-qiniu-js
20 verbose headers { date: 'Wed, 04 Dec 2019 13:44:42 GMT',
20 verbose headers   'content-type': 'application/json',
20 verbose headers   'content-length': '21',
20 verbose headers   connection: 'keep-alive',
20 verbose headers   'set-cookie': [ '__cfduid=dd1192a22f58e13d6c3a26d0754dfbe651575467081; expires=Fri, 03-Jan-20 13:44:41 GMT; path=/; domain=.npmjs.org; HttpOnly' ],
20 verbose headers   'cf-ray': '53fe376e5c4ce801-LAX',
20 verbose headers   'cf-cache-status': 'MISS',
20 verbose headers   vary: 'Accept-Encoding',
20 verbose headers   'expect-ct': 'max-age=604800, report-uri="https://report-uri.cloudflare.com/cdn-cgi/beacon/expect-ct"',
20 verbose headers   server: 'cloudflare' }
21 silly get cb [ 404,
21 silly get   { date: 'Wed, 04 Dec 2019 13:44:42 GMT',
21 silly get     'content-type': 'application/json',
21 silly get     'content-length': '21',
21 silly get     connection: 'keep-alive',
21 silly get     'set-cookie': [ '__cfduid=dd1192a22f58e13d6c3a26d0754dfbe651575467081; expires=Fri, 03-Jan-20 13:44:41 GMT; path=/; domain=.npmjs.org; HttpOnly' ],
21 silly get     'cf-ray': '53fe376e5c4ce801-LAX',
21 silly get     'cf-cache-status': 'MISS',
21 silly get     vary: 'Accept-Encoding',
21 silly get     'expect-ct': 'max-age=604800, report-uri="https://report-uri.cloudflare.com/cdn-cgi/beacon/expect-ct"',
21 silly get     server: 'cloudflare' } ]
22 silly fetchPackageMetaData Error: Not found : gulp-qiniu-js
22 silly fetchPackageMetaData     at makeError (E:\program\nvm\v6.4.0\node_modules\npm\node_modules\npm-registry-client\lib\request.js:264:12)
22 silly fetchPackageMetaData     at CachingRegistryClient.<anonymous> (E:\program\nvm\v6.4.0\node_modules\npm\node_modules\npm-registry-client\lib\request.js:252:14)
22 silly fetchPackageMetaData     at Request._callback (E:\program\nvm\v6.4.0\node_modules\npm\node_modules\npm-registry-client\lib\request.js:172:14)
22 silly fetchPackageMetaData     at Request.self.callback (E:\program\nvm\v6.4.0\node_modules\npm\node_modules\request\request.js:200:22)
22 silly fetchPackageMetaData     at emitTwo (events.js:106:13)
22 silly fetchPackageMetaData     at Request.emit (events.js:191:7)
22 silly fetchPackageMetaData     at Request.<anonymous> (E:\program\nvm\v6.4.0\node_modules\npm\node_modules\request\request.js:1067:10)
22 silly fetchPackageMetaData     at emitOne (events.js:101:20)
22 silly fetchPackageMetaData     at Request.emit (events.js:188:7)
22 silly fetchPackageMetaData     at IncomingMessage.<anonymous> (E:\program\nvm\v6.4.0\node_modules\npm\node_modules\request\request.js:988:12)
22 silly fetchPackageMetaData  error for gulp-qiniu-js { Error: Not found : gulp-qiniu-js
22 silly fetchPackageMetaData     at makeError (E:\program\nvm\v6.4.0\node_modules\npm\node_modules\npm-registry-client\lib\request.js:264:12)
22 silly fetchPackageMetaData     at CachingRegistryClient.<anonymous> (E:\program\nvm\v6.4.0\node_modules\npm\node_modules\npm-registry-client\lib\request.js:252:14)
22 silly fetchPackageMetaData     at Request._callback (E:\program\nvm\v6.4.0\node_modules\npm\node_modules\npm-registry-client\lib\request.js:172:14)
22 silly fetchPackageMetaData     at Request.self.callback (E:\program\nvm\v6.4.0\node_modules\npm\node_modules\request\request.js:200:22)
22 silly fetchPackageMetaData     at emitTwo (events.js:106:13)
22 silly fetchPackageMetaData     at Request.emit (events.js:191:7)
22 silly fetchPackageMetaData     at Request.<anonymous> (E:\program\nvm\v6.4.0\node_modules\npm\node_modules\request\request.js:1067:10)
22 silly fetchPackageMetaData     at emitOne (events.js:101:20)
22 silly fetchPackageMetaData     at Request.emit (events.js:188:7)
22 silly fetchPackageMetaData     at IncomingMessage.<anonymous> (E:\program\nvm\v6.4.0\node_modules\npm\node_modules\request\request.js:988:12) pkgid: 'gulp-qiniu-js', statusCode: 404, code: 'E404' }
23 silly rollbackFailedOptional Starting
24 silly rollbackFailedOptional Finishing
25 silly runTopLevelLifecycles Starting
26 silly runTopLevelLifecycles Finishing
27 silly install printInstalled
28 verbose stack Error: Not found : gulp-qiniu-js
28 verbose stack     at makeError (E:\program\nvm\v6.4.0\node_modules\npm\node_modules\npm-registry-client\lib\request.js:264:12)
28 verbose stack     at CachingRegistryClient.<anonymous> (E:\program\nvm\v6.4.0\node_modules\npm\node_modules\npm-registry-client\lib\request.js:252:14)
28 verbose stack     at Request._callback (E:\program\nvm\v6.4.0\node_modules\npm\node_modules\npm-registry-client\lib\request.js:172:14)
28 verbose stack     at Request.self.callback (E:\program\nvm\v6.4.0\node_modules\npm\node_modules\request\request.js:200:22)
28 verbose stack     at emitTwo (events.js:106:13)
28 verbose stack     at Request.emit (events.js:191:7)
28 verbose stack     at Request.<anonymous> (E:\program\nvm\v6.4.0\node_modules\npm\node_modules\request\request.js:1067:10)
28 verbose stack     at emitOne (events.js:101:20)
28 verbose stack     at Request.emit (events.js:188:7)
28 verbose stack     at IncomingMessage.<anonymous> (E:\program\nvm\v6.4.0\node_modules\npm\node_modules\request\request.js:988:12)
29 verbose statusCode 404
30 verbose pkgid gulp-qiniu-js
31 verbose cwd E:\Tequila\django\xfz01\front
32 error Windows_NT 6.1.7601
33 error argv "E:\\program\\nvm\\v6.4.0\\node.exe" "E:\\program\\nvm\\v6.4.0\\node_modules\\npm\\bin\\npm-cli.js" "install" "gulp-qiniu-js" "--save-dev"
34 error node v6.4.0
35 error npm  v3.10.3
36 error code E404
37 error 404 Not found : gulp-qiniu-js
38 error 404
39 error 404 'gulp-qiniu-js' is not in the npm registry.
40 error 404 You should bug the author to publish it (or use the name yourself!)
41 error 404 Note that you can also install from a
42 error 404 tarball, folder, http url, or git url.
43 verbose exit [ 1, true ]
